0 info it worked if it ends with ok
1 verbose cli [ 'C:\\Program Files\\nodejs\\node.exe',
1 verbose cli   'C:\\Program Files\\nodejs\\node_modules\\npm\\bin\\npm-cli.js',
1 verbose cli   'run',
1 verbose cli   'lite' ]
2 info using npm@3.3.12
3 info using node@v5.1.0
4 verbose run-script [ 'prelite', 'lite', 'postlite' ]
5 info lifecycle doge-booties@1.0.0~prelite: doge-booties@1.0.0
6 silly lifecycle doge-booties@1.0.0~prelite: no script for prelite, continuing
7 info lifecycle doge-booties@1.0.0~lite: doge-booties@1.0.0
8 verbose lifecycle doge-booties@1.0.0~lite: unsafe-perm in lifecycle true
9 verbose lifecycle doge-booties@1.0.0~lite: PATH: C:\Program Files\nodejs\node_modules\npm\bin\node-gyp-bin;E:\_development\Angular2LearningTime\AWSLambdaExample\website\node_modules\.bin;C:\Program Files\nodejs\node_modules\npm\bin\node-gyp-bin;E:\_development\Angular2LearningTime\AWSLambdaExample\website\node_modules\.bin;C:\Users\daniel.AGRISTA\Downloads\cmder\bin;C:\Program Files\Git\bin;C:\Program Files\Git\usr\bin;C:\Program Files\Git\share\vim\vim74;C:\Users\daniel.AGRISTA\Downloads\cmder\vendor\conemu-maximus5;C:\Users\daniel.AGRISTA\Downloads\cmder\vendor\conemu-maximus5\ConEmu;C:\ProgramData\Oracle\Java\javapath;C:\Windows\system32;C:\Windows;C:\Windows\System32\Wbem;C:\Windows\System32\WindowsPowerShell\v1.0\;C:\Program Files\Java\jdk1.8.0_05\bin\;C:\Program Files (x86)\ATI Technologies\ATI.ACE\Core-Static;C:\Program Files (x86)\Microsoft ASP.NET\ASP.NET Web Pages\v1.0\;C:\ProgramData\chocolatey\bin;C:\Program Files (x86)\GtkSharp\2.12\bin;C:\Program Files (x86)\Windows Kits\8.1\Windows Performance Toolkit\;C:\Program Files (x86)\Microsoft SDKs\TypeScript\1.0\;C:\adb;C:\Program Files\nodejs\;C:\Program Files\TortoiseGit\bin;C:\Windows\System32\WindowsPowerShell\v1.0\;C:\Program Files (x86)\Microsoft SQL Server\110\Tools\Binn\;C:\Program Files\Microsoft SQL Server\110\Tools\Binn\;C:\Program Files\Microsoft SQL Server\110\DTS\Binn\;C:\Program Files (x86)\Microsoft SQL Server\110\Tools\Binn\ManagementStudio\;C:\Program Files (x86)\Microsoft Visual Studio 10.0\Common7\IDE\PrivateAssemblies\;C:\Program Files (x86)\Microsoft SQL Server\110\DTS\Binn\;C:\Program Files\nodejs;C:\Program Files\Microsoft\Web Platform Installer\;C:\Program Files (x86)\Microsoft SDKs\Azure\CLI\wbin;C:\Program Files (x86)\scala\bin;C:\PROGRA~2\Groovy\GROOVY~1.5\bin;C:\Users\daniel.AGRISTA\AppData\Local\atom\bin; C:\Program Files\Git\bin;C:\Program Files (x86)\nodejs\node_modules\npm; C:\Program Files\nodejs;C:\Users\daniel.AGRISTA\AppData\Roaming\npm; C:\Program Files (x86)\Git\cmd;C:\Users\daniel.AGRISTA\Downloads\cmder
10 verbose lifecycle doge-booties@1.0.0~lite: CWD: E:\_development\Angular2LearningTime\AWSLambdaExample\website
11 silly lifecycle doge-booties@1.0.0~lite: Args: [ '/d /s /c', 'lite-server' ]
12 silly lifecycle doge-booties@1.0.0~lite: Returned: code: 1  signal: null
13 info lifecycle doge-booties@1.0.0~lite: Failed to exec lite script
14 verbose stack Error: doge-booties@1.0.0 lite: `lite-server`
14 verbose stack Exit status 1
14 verbose stack     at EventEmitter.<anonymous> (C:\Program Files\nodejs\node_modules\npm\lib\utils\lifecycle.js:232:16)
14 verbose stack     at emitTwo (events.js:87:13)
14 verbose stack     at EventEmitter.emit (events.js:172:7)
14 verbose stack     at ChildProcess.<anonymous> (C:\Program Files\nodejs\node_modules\npm\lib\utils\spawn.js:24:14)
14 verbose stack     at emitTwo (events.js:87:13)
14 verbose stack     at ChildProcess.emit (events.js:172:7)
14 verbose stack     at maybeClose (internal/child_process.js:818:16)
14 verbose stack     at Process.ChildProcess._handle.onexit (internal/child_process.js:211:5)
15 verbose pkgid doge-booties@1.0.0
16 verbose cwd E:\_development\Angular2LearningTime\AWSLambdaExample\website
17 error Windows_NT 6.1.7601
18 error argv "C:\\Program Files\\nodejs\\node.exe" "C:\\Program Files\\nodejs\\node_modules\\npm\\bin\\npm-cli.js" "run" "lite"
19 error node v5.1.0
20 error npm  v3.3.12
21 error code ELIFECYCLE
22 error doge-booties@1.0.0 lite: `lite-server`
22 error Exit status 1
23 error Failed at the doge-booties@1.0.0 lite script 'lite-server'.
23 error Make sure you have the latest version of node.js and npm installed.
23 error If you do, this is most likely a problem with the doge-booties package,
23 error not with npm itself.
23 error Tell the author that this fails on your system:
23 error     lite-server
23 error You can get their info via:
23 error     npm owner ls doge-booties
23 error There is likely additional logging output above.
24 verbose exit [ 1, true ]
